c:\users\filip\downloads\aus_vs2019\aus_vs2019\x64\release\vc142.pdb
c:\users\filip\downloads\aus_vs2019\aus_vs2019\x64\release\.netframework,version=v4.0.assemblyattributes.obj
c:\users\filip\downloads\aus_vs2019\aus_vs2019\x64\release\vector_test.obj
c:\users\filip\downloads\aus_vs2019\aus_vs2019\x64\release\tree_test.obj
c:\users\filip\downloads\aus_vs2019\aus_vs2019\x64\release\test.obj
c:\users\filip\downloads\aus_vs2019\aus_vs2019\x64\release\table_test.obj
c:\users\filip\downloads\aus_vs2019\aus_vs2019\x64\release\stdvector_test.obj
c:\users\filip\downloads\aus_vs2019\aus_vs2019\x64\release\stack_test.obj
c:\users\filip\downloads\aus_vs2019\aus_vs2019\x64\release\queue_test.obj
c:\users\filip\downloads\aus_vs2019\aus_vs2019\x64\release\priority_queue_test.obj
c:\users\filip\downloads\aus_vs2019\aus_vs2019\x64\release\matrix_test.obj
c:\users\filip\downloads\aus_vs2019\aus_vs2019\x64\release\list_test.obj
c:\users\filip\downloads\aus_vs2019\aus_vs2019\x64\release\array_test.obj
c:\users\filip\downloads\aus_vs2019\aus_vs2019\x64\release\logger.obj
c:\users\filip\downloads\aus_vs2019\aus_vs2019\x64\release\vector.obj
c:\users\filip\downloads\aus_vs2019\aus_vs2019\x64\release\utils.obj
c:\users\filip\downloads\aus_vs2019\aus_vs2019\x64\release\sort.obj
c:\users\filip\downloads\aus_vs2019\aus_vs2019\x64\release\structure.obj
c:\users\filip\downloads\aus_vs2019\aus_vs2019\x64\release\main_form.obj
c:\users\filip\downloads\aus_vs2019\aus_vs2019\x64\release\gui_log_consumer.obj
c:\users\filip\downloads\aus_vs2019\aus_vs2019\x64\release\file_log_consumer.obj
c:\users\filip\downloads\aus_vs2019\aus_vs2019\x64\release\auslite.gui.main_form.resources
c:\users\filip\downloads\aus_vs2019\aus_vs2019\x64\release\datastructures.exe
c:\users\filip\downloads\aus_vs2019\aus_vs2019\x64\release\datastructures.pdb
c:\users\filip\downloads\aus_vs2019\aus_vs2019\x64\release\datastructures.exe.metagen
c:\users\filip\downloads\aus_vs2019\aus_vs2019\x64\release\datastructures.tlog\cl.command.1.tlog
c:\users\filip\downloads\aus_vs2019\aus_vs2019\x64\release\datastructures.tlog\cl.read.1.tlog
c:\users\filip\downloads\aus_vs2019\aus_vs2019\x64\release\datastructures.tlog\cl.write.1.tlog
c:\users\filip\downloads\aus_vs2019\aus_vs2019\x64\release\datastructures.tlog\datastructures.write.1u.tlog
c:\users\filip\downloads\aus_vs2019\aus_vs2019\x64\release\datastructures.tlog\link.command.1.tlog
c:\users\filip\downloads\aus_vs2019\aus_vs2019\x64\release\datastructures.tlog\link.read.1.tlog
c:\users\filip\downloads\aus_vs2019\aus_vs2019\x64\release\datastructures.tlog\link.write.1.tlog
c:\users\filip\downloads\aus_vs2019\aus_vs2019\x64\release\datastructures.tlog\metagen.read.1.tlog
c:\users\filip\downloads\aus_vs2019\aus_vs2019\x64\release\datastructures.tlog\metagen.write.1.tlog
