c:\users\filip\downloads\aus_vs2019\aus_vs2019\x64\debug\vc142.pdb
c:\users\filip\downloads\aus_vs2019\aus_vs2019\x64\debug\.netframework,version=v4.0.assemblyattributes.obj
c:\users\filip\downloads\aus_vs2019\aus_vs2019\x64\debug\vector_test.obj
c:\users\filip\downloads\aus_vs2019\aus_vs2019\x64\debug\tree_test.obj
c:\users\filip\downloads\aus_vs2019\aus_vs2019\x64\debug\test.obj
c:\users\filip\downloads\aus_vs2019\aus_vs2019\x64\debug\sorting_test.obj
c:\users\filip\downloads\aus_vs2019\aus_vs2019\x64\debug\stdvector_test.obj
c:\users\filip\downloads\aus_vs2019\aus_vs2019\x64\debug\stack_test.obj
c:\users\filip\downloads\aus_vs2019\aus_vs2019\x64\debug\queue_test.obj
c:\users\filip\downloads\aus_vs2019\aus_vs2019\x64\debug\priority_queue_test.obj
c:\users\filip\downloads\aus_vs2019\aus_vs2019\x64\debug\matrix_test.obj
c:\users\filip\downloads\aus_vs2019\aus_vs2019\x64\debug\list_test.obj
c:\users\filip\downloads\aus_vs2019\aus_vs2019\x64\debug\array_test.obj
c:\users\filip\downloads\aus_vs2019\aus_vs2019\x64\debug\logger.obj
c:\users\filip\downloads\aus_vs2019\aus_vs2019\x64\debug\vector.obj
c:\users\filip\downloads\aus_vs2019\aus_vs2019\x64\debug\utils.obj
c:\users\filip\downloads\aus_vs2019\aus_vs2019\x64\debug\structure.obj
c:\users\filip\downloads\aus_vs2019\aus_vs2019\x64\debug\main_form.obj
c:\users\filip\downloads\aus_vs2019\aus_vs2019\x64\debug\gui_log_consumer.obj
c:\users\filip\downloads\aus_vs2019\aus_vs2019\x64\debug\file_log_consumer.obj
c:\users\filip\downloads\aus_vs2019\aus_vs2019\x64\debug\datastructures.tlog\cl.command.1.tlog
c:\users\filip\downloads\aus_vs2019\aus_vs2019\x64\debug\datastructures.tlog\cl.read.1.tlog
c:\users\filip\downloads\aus_vs2019\aus_vs2019\x64\debug\datastructures.tlog\cl.write.1.tlog
c:\users\filip\downloads\aus_vs2019\aus_vs2019\x64\debug\datastructures.tlog\metagen.write.1.tlog
